Base path: 'C:/Program Files/Unity/Hub/Editor/2019.3.1f1/Editor/Data', plugins path 'C:/Program Files/Unity/Hub/Editor/2019.3.1f1/Editor/Data/PlaybackEngines'
Cmd: initializeCompiler
Cmd: preprocessCompute
  insize=7700 outsize=7702 ok=1
Cmd: preprocessCompute
  insize=8738 outsize=8740 ok=1
Cmd: preprocess
  insize=53733 outsize=636 ok=1
Cmd: preprocessCompute
  insize=7700 outsize=7702 ok=1
Cmd: preprocessCompute
  insize=8738 outsize=8740 ok=1
Cmd: preprocess
  insize=53688 outsize=636 ok=1
Cmd: preprocessCompute
  insize=6541 outsize=6543 ok=1
Cmd: preprocessCompute
  insize=7319 outsize=7321 ok=1
Cmd: preprocessCompute
  insize=7865 outsize=7867 ok=1
Cmd: preprocessCompute
  insize=7295 outsize=7297 ok=1
Cmd: preprocess
  insize=50761 outsize=624 ok=1
Cmd: preprocessCompute
  insize=1976 outsize=1978 ok=1
Cmd: preprocessCompute
  insize=1976 outsize=1978 ok=1
Cmd: preprocess
  insize=124083 outsize=4530 ok=1
