
=== Fri Jul 24 10:49:09 2020

Packages were changed.
Update Mode: updateDependencies

The following packages were updated:
  com.unity.collab-proxy from version 1.3.7 to 1.3.8
  com.unity.ide.visualstudio from version 2.0.0 to 2.0.2
  com.unity.ide.vscode from version 1.2.0 to 1.2.1
  com.unity.render-pipelines.high-definition from version 8.0.1 to 8.2.0
  com.unity.shadergraph from version 8.0.1 to 8.2.0
  com.unity.test-framework from version 1.1.13 to 1.1.14

=== Fri Nov 13 11:15:46 2020

Packages were changed.
Update Mode: updateDependencies

The following packages were updated:
  com.unity.test-framework from version 1.1.14 to 1.1.16
  com.unity.textmeshpro from version 3.0.0-preview.1 to 3.0.1

=== Fri Dec 18 12:24:14 2020

Packages were changed.
Update Mode: updateDependencies

The following packages were updated:
  com.unity.collab-proxy from version 1.3.8 to 1.3.9
  com.unity.ide.rider from version 1.2.1 to 2.0.7
  com.unity.render-pipelines.high-definition from version 8.2.0 to 10.2.2
  com.unity.shadergraph from version 8.2.0 to 10.2.2

=== Thu Apr  1 14:45:02 2021

Packages were changed.
Update Mode: updateDependencies

The following packages were updated:
  com.unity.collab-proxy from version 1.3.8 to 1.3.9
  com.unity.ide.rider from version 1.2.1 to 2.0.7
  com.unity.render-pipelines.high-definition from version 8.2.0 to 10.4.0
  com.unity.shadergraph from version 8.2.0 to 10.4.0
  com.unity.timeline from version 1.3.7 to 1.4.6

=== Wed Nov 17 13:07:25 2021

Packages were changed.
Update Mode: updateDependencies

The following packages were updated:
  com.unity.collab-proxy from version 1.3.9 to 1.13.5
  com.unity.ide.vscode from version 1.2.3 to 1.2.4
  com.unity.render-pipelines.high-definition from version 10.4.0 to 10.7.0
  com.unity.render-pipelines.high-definition-config from version 10.4.0 to 10.7.0
  com.unity.shadergraph from version 10.4.0 to 10.7.0
  com.unity.test-framework from version 1.1.27 to 1.1.29

=== Fri May 13 14:48:52 2022

Packages were changed.
Update Mode: updateDependencies

The following packages were updated:
  com.unity.collab-proxy from version 1.13.5 to 1.15.16
  com.unity.ide.visualstudio from version 2.0.12 to 2.0.14
  com.unity.ide.vscode from version 1.2.4 to 1.2.5
  com.unity.inputsystem from version 1.2.0 to 1.3.0
  com.unity.mathematics from version 1.2.1 to 1.2.6
  com.unity.render-pipelines.high-definition from version 10.7.0 to 10.9.0
  com.unity.render-pipelines.high-definition-config from version 10.7.0 to 10.9.0
  com.unity.shadergraph from version 10.7.0 to 10.9.0
  com.unity.test-framework from version 1.1.30 to 1.1.31

=== Tue Jul 18 13:36:57 2023

Packages were changed.
Update Mode: updateDependencies

The following packages were added:
  com.unity.ai.navigation@1.1.4
The following packages were updated:
  com.unity.burst from version 1.5.6 to 1.8.7
  com.unity.collab-proxy from version 1.15.16 to 2.0.5
  com.unity.collections from version 0.14.0-preview.16 to 1.2.4
  com.unity.ide.rider from version 2.0.7 to 3.0.24
  com.unity.ide.visualstudio from version 2.0.15 to 2.0.18
  com.unity.inputsystem from version 1.3.0 to 1.6.1
  com.unity.nuget.mono-cecil from version 1.10.1 to 1.11.4
  com.unity.postprocessing from version 3.1.1 to 3.2.2
  com.unity.properties from version 1.5.0-preview to 2.1.0-exp.3
  com.unity.render-pipelines.high-definition from version 10.9.0 to 14.0.8
  com.unity.render-pipelines.high-definition-config from version 10.9.0 to 14.0.8
  com.unity.serialization from version 1.5.0-preview to 2.0.0-exp.11
  com.unity.shadergraph from version 10.9.0 to 14.0.8
  com.unity.test-framework from version 1.1.31 to 1.1.33
  com.unity.timeline from version 1.4.8 to 1.7.5
  com.unity.transport from version 1.0.0-pre.15 to 1.3.4

=== Sat Sep  2 15:22:06 2023

Packages were changed.
Update Mode: updateDependencies

The following packages were updated:
  com.unity.addressables from version 1.21.14 to 1.21.15
  com.unity.burst from version 1.8.7 to 1.8.8
  com.unity.collab-proxy from version 2.0.5 to 2.0.7
  com.unity.netcode.gameobjects from version 1.5.1 to 1.5.2
