Base path: H:/Program Files/Unity Installs/2019.1.0f2/Editor/Data
Cmd: initializeCompiler
Cmd: compileComputeKernel
  error: 1 plat 4 at RaytracingReflectionFilter.compute(130): 'Load': implicit truncation of vector type
  error: 1 plat 4 at RaytracingReflectionFilter.compute(150): 'Load': implicit truncation of vector type
  error: 1 plat 4 at RaytracingReflectionFilter.compute(207): 'Load': implicit truncation of vector type
  error: 1 plat 4 at RaytracingReflectionFilter.compute(208): 'Load': implicit truncation of vector type
  error: 1 plat 4 at RaytracingReflectionFilter.compute(211): 'Load': implicit truncation of vector type
  error: 1 plat 4 at RaytracingReflectionFilter.compute(212): 'Load': implicit truncation of vector type
  error: 1 plat 4 at RaytracingReflectionFilter.compute(227): 'Load': implicit truncation of vector type
  error: 1 plat 4 at RaytracingReflectionFilter.compute(230): 'Load': implicit truncation of vector type
  error: 1 plat 4 at RaytracingReflectionFilter.compute(235): 'Load': implicit truncation of vector type
  api=4 insize=18981 outsize=1509 ok=1
Cmd: compileComputeKernel
  api=4 insize=15475 outsize=114273 ok=1
Cmd: compileComputeKernel
  api=4 insize=15475 outsize=56317 ok=1
Cmd: compileComputeKernel
  api=4 insize=15475 outsize=33821 ok=1
Cmd: compileComputeKernel
  api=4 insize=15475 outsize=49613 ok=1
Cmd: compileComputeKernel
  api=4 insize=25750 outsize=15505 ok=1
Cmd: compileComputeKernel
  api=4 insize=9347 outsize=7569 ok=1
Cmd: compileComputeKernel
  api=4 insize=7423 outsize=1049 ok=1
Cmd: compileComputeKernel
  api=4 insize=21453 outsize=14761 ok=1
Cmd: compileComputeKernel
  api=4 insize=7883 outsize=1781 ok=1
Cmd: compileComputeKernel
  api=4 insize=35006 outsize=34605 ok=1
Cmd: compileComputeKernel
  api=4 insize=35006 outsize=35413 ok=1
Cmd: compileComputeKernel
  api=4 insize=17691 outsize=7957 ok=1
Cmd: compileComputeKernel
  api=4 insize=5089 outsize=2989 ok=1
Cmd: compileComputeKernel
  error: 1 plat 4 at RaytracingAmbientOcclusionFilter.compute(36): 'Load': implicit truncation of vector type
  api=4 insize=8541 outsize=633 ok=1
Cmd: compileComputeKernel
  api=4 insize=7712 outsize=4613 ok=1
Cmd: compileComputeKernel
  api=4 insize=3918 outsize=693 ok=1
Cmd: compileSnippet
  api=4 type=1 insize=6796 outsize=142 kw=_NORMALMAP_TANGENT_SPACE pd=UNITY_ENABLE_REFLECTION_BUFFERS UNITY_USE_DITHER_MASK_FOR_ALPHABLENDED_SHADOWS UNITY_PBS_USE_BRDF1 UNITY_SPECCUBE_BOX_PROJECTION UNITY_SPECCUBE_BLENDING UNITY_ENABLE_DETAIL_NORMALMAP SHADER_API_DESKTOP UNITY_LIGHT_PROBE_PROXY_VOLUME UNITY_LIGHTMAP_FULL_HDR ok=1
