Base path: H:/Program Files/Unity Installs/2019.1.0f2/Editor/Data
Cmd: initializeCompiler
Cmd: compileComputeKernel
  error: 1 plat 4 at RaytracingReflectionFilter.compute(130): 'Load': implicit truncation of vector type
  error: 1 plat 4 at RaytracingReflectionFilter.compute(150): 'Load': implicit truncation of vector type
  error: 1 plat 4 at RaytracingReflectionFilter.compute(207): 'Load': implicit truncation of vector type
  error: 1 plat 4 at RaytracingReflectionFilter.compute(208): 'Load': implicit truncation of vector type
  error: 1 plat 4 at RaytracingReflectionFilter.compute(211): 'Load': implicit truncation of vector type
  error: 1 plat 4 at RaytracingReflectionFilter.compute(212): 'Load': implicit truncation of vector type
  error: 1 plat 4 at RaytracingReflectionFilter.compute(227): 'Load': implicit truncation of vector type
  error: 1 plat 4 at RaytracingReflectionFilter.compute(230): 'Load': implicit truncation of vector type
  error: 1 plat 4 at RaytracingReflectionFilter.compute(235): 'Load': implicit truncation of vector type
  api=4 insize=18981 outsize=4477 ok=1
Cmd: compileComputeKernel
  api=4 insize=15475 outsize=21721 ok=1
Cmd: compileComputeKernel
  api=4 insize=15475 outsize=39097 ok=1
Cmd: compileComputeKernel
  api=4 insize=15475 outsize=54293 ok=1
Cmd: compileComputeKernel
  api=4 insize=15475 outsize=31457 ok=1
Cmd: compileComputeKernel
  api=4 insize=15475 outsize=64869 ok=1
Cmd: compileComputeKernel
  api=4 insize=15475 outsize=13381 ok=1
Cmd: compileComputeKernel
  api=4 insize=15475 outsize=14609 ok=1
Cmd: compileComputeKernel
  api=4 insize=15475 outsize=34001 ok=1
Cmd: compileComputeKernel
  api=4 insize=15475 outsize=64197 ok=1
Cmd: compileComputeKernel
  api=4 insize=15475 outsize=44649 ok=1
Cmd: compileComputeKernel
  api=4 insize=15475 outsize=43277 ok=1
Cmd: compileComputeKernel
  api=4 insize=25750 outsize=14253 ok=1
Cmd: compileComputeKernel
  api=4 insize=25750 outsize=16221 ok=1
Cmd: compileComputeKernel
  api=4 insize=5767 outsize=5913 ok=1
Cmd: compileComputeKernel
  api=4 insize=3687 outsize=3277 ok=1
Cmd: compileComputeKernel
  api=4 insize=9347 outsize=7973 ok=1
Cmd: compileComputeKernel
  error: 1 plat 4 at RaytracingAreaShadow.compute(232): 'Load': implicit truncation of vector type
  error: 1 plat 4 at RaytracingAreaShadow.compute(273): 'Load': implicit truncation of vector type
  error: 1 plat 4 at RaytracingAreaShadow.compute(283): 'Load': implicit truncation of vector type
  api=4 insize=17253 outsize=15089 ok=1
Cmd: compileComputeKernel
  api=4 insize=17415 outsize=8781 ok=1
Cmd: compileComputeKernel
  api=4 insize=4061 outsize=3773 ok=1
Cmd: compileComputeKernel
  api=4 insize=4918 outsize=2429 ok=1
Cmd: compileComputeKernel
  api=4 insize=11912 outsize=1313 ok=1
Cmd: compileComputeKernel
  api=4 insize=7423 outsize=1341 ok=1
Cmd: compileComputeKernel
  api=4 insize=21453 outsize=14113 ok=1
Cmd: compileComputeKernel
  api=4 insize=21751 outsize=21741 ok=1
Cmd: compileComputeKernel
  api=4 insize=18634 outsize=5145 ok=1
Cmd: compileComputeKernel
  api=4 insize=7883 outsize=689 ok=1
Cmd: compileComputeKernel
  api=4 insize=857 outsize=573 ok=1
Cmd: compileComputeKernel
  api=4 insize=20668 outsize=27309 ok=1
Cmd: compileComputeKernel
  api=4 insize=35006 outsize=33949 ok=1
Cmd: compileComputeKernel
  api=4 insize=35006 outsize=31641 ok=1
Cmd: compileComputeKernel
  api=4 insize=8350 outsize=2945 ok=1
Cmd: compileComputeKernel
  api=4 insize=5477 outsize=1277 ok=1
Cmd: compileComputeKernel
  api=4 insize=17691 outsize=7121 ok=1
Cmd: compileComputeKernel
  api=4 insize=2596 outsize=2085 ok=1
Cmd: compileComputeKernel
  api=4 insize=9349 outsize=4393 ok=1
Cmd: compileComputeKernel
  api=4 insize=7712 outsize=5745 ok=1
Cmd: compileComputeKernel
  api=4 insize=2510 outsize=745 ok=1
Cmd: compileSnippet
  api=4 type=0 insize=7264 outsize=1670 kw=DECALS_3RT _NORMALMAP_TANGENT_SPACE pd=UNITY_ENABLE_REFLECTION_BUFFERS UNITY_USE_DITHER_MASK_FOR_ALPHABLENDED_SHADOWS UNITY_PBS_USE_BRDF1 UNITY_SPECCUBE_BOX_PROJECTION UNITY_SPECCUBE_BLENDING UNITY_ENABLE_DETAIL_NORMALMAP SHADER_API_DESKTOP UNITY_LIGHT_PROBE_PROXY_VOLUME UNITY_LIGHTMAP_FULL_HDR ok=1
Cmd: compileSnippet
  api=4 type=1 insize=6699 outsize=562 kw=UNITY_PASS_MOTIONVECTORS _NORMALMAP_TANGENT_SPACE pd=UNITY_ENABLE_REFLECTION_BUFFERS UNITY_USE_DITHER_MASK_FOR_ALPHABLENDED_SHADOWS UNITY_PBS_USE_BRDF1 UNITY_SPECCUBE_BOX_PROJECTION UNITY_SPECCUBE_BLENDING UNITY_ENABLE_DETAIL_NORMALMAP SHADER_API_DESKTOP UNITY_LIGHT_PROBE_PROXY_VOLUME UNITY_LIGHTMAP_FULL_HDR ok=1
Cmd: compileSnippet
  api=4 type=0 insize=6619 outsize=810 kw=_NORMALMAP_TANGENT_SPACE pd=UNITY_ENABLE_REFLECTION_BUFFERS UNITY_USE_DITHER_MASK_FOR_ALPHABLENDED_SHADOWS UNITY_PBS_USE_BRDF1 UNITY_SPECCUBE_BOX_PROJECTION UNITY_SPECCUBE_BLENDING UNITY_ENABLE_DETAIL_NORMALMAP SHADER_API_DESKTOP UNITY_LIGHT_PROBE_PROXY_VOLUME UNITY_LIGHTMAP_FULL_HDR ok=1
