Base path: H:/Program Files/Unity Installs/2019.1.0f2/Editor/Data
Cmd: initializeCompiler
Cmd: preprocess
  insize=771 outsize=196 ok=1
Cmd: preprocess
  insize=771 outsize=196 ok=1
Cmd: preprocess
  insize=771 outsize=196 ok=1
Cmd: preprocess
  insize=771 outsize=196 ok=1
Cmd: preprocess
  insize=771 outsize=196 ok=1
Cmd: preprocess
  insize=771 outsize=196 ok=1
Cmd: preprocess
  insize=771 outsize=196 ok=1
Cmd: preprocess
  insize=771 outsize=196 ok=1
Cmd: preprocess
  insize=771 outsize=196 ok=1
Cmd: preprocess
  insize=771 outsize=196 ok=1
Cmd: preprocess
  insize=771 outsize=196 ok=1
Cmd: preprocess
  insize=771 outsize=196 ok=1
Cmd: preprocess
  insize=771 outsize=196 ok=1
Cmd: preprocess
  insize=771 outsize=196 ok=1
Cmd: preprocess
  insize=771 outsize=196 ok=1
Cmd: preprocess
  insize=771 outsize=196 ok=1
Cmd: preprocess
  insize=771 outsize=196 ok=1
Cmd: preprocess
  insize=771 outsize=196 ok=1
Cmd: preprocess
  insize=771 outsize=196 ok=1
Cmd: preprocess
  insize=771 outsize=196 ok=1
Cmd: preprocess
  insize=771 outsize=196 ok=1
Cmd: preprocess
  insize=771 outsize=196 ok=1
Cmd: preprocess
  insize=771 outsize=196 ok=1
Cmd: preprocess
  insize=771 outsize=196 ok=1
Cmd: preprocess
  insize=771 outsize=196 ok=1
Cmd: preprocess
  insize=771 outsize=196 ok=1
Cmd: preprocess
  insize=771 outsize=196 ok=1
Cmd: preprocess
  insize=771 outsize=196 ok=1
Cmd: preprocess
  insize=771 outsize=196 ok=1
Cmd: preprocess
  insize=771 outsize=196 ok=1
Cmd: preprocess
  insize=771 outsize=196 ok=1
Cmd: preprocess
  insize=771 outsize=196 ok=1
Cmd: preprocess
  insize=771 outsize=196 ok=1
Cmd: preprocess
  insize=771 outsize=196 ok=1
Cmd: preprocess
  insize=102605 outsize=4731 ok=1
Cmd: preprocess
  insize=5694 outsize=1274 ok=1
Cmd: preprocess
  insize=5694 outsize=1274 ok=1
Cmd: preprocess
  insize=5828 outsize=1277 ok=1
Cmd: preprocess
  insize=5828 outsize=1277 ok=1
Cmd: preprocess
  insize=5694 outsize=1274 ok=1
Cmd: preprocess
  insize=5694 outsize=1274 ok=1
Cmd: preprocess
  insize=6155 outsize=1264 ok=1
Cmd: preprocess
  insize=5761 outsize=1263 ok=1
Cmd: preprocess
  insize=5762 outsize=1263 ok=1
Cmd: preprocess
  insize=5760 outsize=1263 ok=1
Cmd: preprocess
  insize=5694 outsize=1274 ok=1
Cmd: preprocess
  insize=5762 outsize=1262 ok=1
Cmd: preprocess
  insize=6152 outsize=1264 ok=1
Cmd: preprocess
  insize=6938 outsize=1264 ok=1
Cmd: preprocess
  insize=8048 outsize=1267 ok=1
Cmd: preprocess
  insize=5702 outsize=1269 ok=1
Cmd: preprocess
  insize=8233 outsize=1264 ok=1
Cmd: preprocess
  insize=5877 outsize=1263 ok=1
Cmd: preprocess
  insize=8947 outsize=1263 ok=1
Cmd: preprocess
  insize=102395 outsize=4716 ok=1
Cmd: preprocess
  insize=5817 outsize=1248 ok=1
Cmd: preprocess
  insize=5634 outsize=1258 ok=1
Cmd: preprocess
  insize=5642 outsize=1254 ok=1
Cmd: preprocess
  insize=8143 outsize=1248 ok=1
Cmd: preprocess
  insize=8857 outsize=1248 ok=1
Cmd: preprocess
  insize=7958 outsize=1251 ok=1
Cmd: preprocess
  insize=5672 outsize=1248 ok=1
Cmd: preprocess
  insize=6065 outsize=1248 ok=1
Cmd: preprocess
  insize=6848 outsize=1249 ok=1
Cmd: preprocess
  insize=5672 outsize=1248 ok=1
Cmd: preprocess
  insize=5670 outsize=1247 ok=1
Cmd: preprocess
  insize=6062 outsize=1249 ok=1
Cmd: preprocess
  insize=5671 outsize=1248 ok=1
Cmd: preprocess
  insize=5634 outsize=1259 ok=1
Cmd: preprocess
  insize=5634 outsize=1259 ok=1
Cmd: preprocess
  insize=5634 outsize=1259 ok=1
Cmd: preprocess
  insize=5768 outsize=1262 ok=1
Cmd: preprocess
  insize=5768 outsize=1262 ok=1
Cmd: preprocess
  insize=5604 outsize=1259 ok=1
Cmd: compileSnippet
  api=4 type=0 insize=35811 outsize=1702 kw=DECALS_3RT pd=UNITY_ENABLE_REFLECTION_BUFFERS UNITY_USE_DITHER_MASK_FOR_ALPHABLENDED_SHADOWS UNITY_PBS_USE_BRDF1 UNITY_SPECCUBE_BOX_PROJECTION UNITY_SPECCUBE_BLENDING UNITY_ENABLE_DETAIL_NORMALMAP SHADER_API_DESKTOP UNITY_LIGHT_PROBE_PROXY_VOLUME UNITY_LIGHTMAP_FULL_HDR ok=1
Cmd: compileSnippet
  api=4 type=1 insize=35811 outsize=7174 kw=DECALS_3RT pd=UNITY_ENABLE_REFLECTION_BUFFERS UNITY_USE_DITHER_MASK_FOR_ALPHABLENDED_SHADOWS UNITY_PBS_USE_BRDF1 UNITY_SPECCUBE_BOX_PROJECTION UNITY_SPECCUBE_BLENDING UNITY_ENABLE_DETAIL_NORMALMAP SHADER_API_DESKTOP UNITY_LIGHT_PROBE_PROXY_VOLUME UNITY_LIGHTMAP_FULL_HDR ok=1
Cmd: preprocess
  insize=102185 outsize=4701 ok=1
Cmd: preprocess
  insize=5757 outsize=1233 ok=1
Cmd: preprocess
  insize=5544 outsize=1243 ok=1
Cmd: preprocess
  insize=5552 outsize=1239 ok=1
Cmd: preprocess
  insize=8053 outsize=1234 ok=1
Cmd: preprocess
  insize=8767 outsize=1233 ok=1
Cmd: preprocess
  insize=7868 outsize=1237 ok=1
Cmd: preprocess
  insize=5612 outsize=1232 ok=1
Cmd: preprocess
  insize=6005 outsize=1234 ok=1
Cmd: preprocess
  insize=6788 outsize=1234 ok=1
Cmd: preprocess
  insize=5612 outsize=1231 ok=1
Cmd: preprocess
  insize=5610 outsize=1233 ok=1
Cmd: preprocess
  insize=6002 outsize=1234 ok=1
Cmd: preprocess
  insize=5611 outsize=1232 ok=1
Cmd: preprocess
  insize=5574 outsize=1244 ok=1
Cmd: preprocess
  insize=5574 outsize=1244 ok=1
Cmd: preprocess
  insize=5574 outsize=1243 ok=1
Cmd: preprocess
  insize=5708 outsize=1247 ok=1
Cmd: preprocess
  insize=5708 outsize=1247 ok=1
Cmd: preprocess
  insize=5544 outsize=1244 ok=1
Cmd: compileSnippet
  api=4 type=0 insize=35736 outsize=1702 kw=DECALS_3RT pd=UNITY_ENABLE_REFLECTION_BUFFERS UNITY_USE_DITHER_MASK_FOR_ALPHABLENDED_SHADOWS UNITY_PBS_USE_BRDF1 UNITY_SPECCUBE_BOX_PROJECTION UNITY_SPECCUBE_BLENDING UNITY_ENABLE_DETAIL_NORMALMAP SHADER_API_DESKTOP UNITY_LIGHT_PROBE_PROXY_VOLUME UNITY_LIGHTMAP_FULL_HDR ok=1
Cmd: compileSnippet
  api=4 type=1 insize=35736 outsize=7174 kw=DECALS_3RT pd=UNITY_ENABLE_REFLECTION_BUFFERS UNITY_USE_DITHER_MASK_FOR_ALPHABLENDED_SHADOWS UNITY_PBS_USE_BRDF1 UNITY_SPECCUBE_BOX_PROJECTION UNITY_SPECCUBE_BLENDING UNITY_ENABLE_DETAIL_NORMALMAP SHADER_API_DESKTOP UNITY_LIGHT_PROBE_PROXY_VOLUME UNITY_LIGHTMAP_FULL_HDR ok=1
Cmd: preprocess
  insize=101945 outsize=4687 ok=1
Cmd: preprocess
  insize=5697 outsize=1218 ok=1
Cmd: preprocess
  insize=5484 outsize=1228 ok=1
Cmd: preprocess
  insize=5492 outsize=1224 ok=1
Cmd: preprocess
  insize=7993 outsize=1219 ok=1
Cmd: preprocess
  insize=8707 outsize=1217 ok=1
Cmd: preprocess
  insize=7808 outsize=1222 ok=1
Cmd: preprocess
  insize=5552 outsize=1218 ok=1
Cmd: preprocess
  insize=5945 outsize=1219 ok=1
Cmd: preprocess
  insize=6728 outsize=1219 ok=1
Cmd: preprocess
  insize=5552 outsize=1217 ok=1
Cmd: preprocess
  insize=5550 outsize=1218 ok=1
Cmd: preprocess
  insize=5942 outsize=1218 ok=1
Cmd: preprocess
  insize=5551 outsize=1218 ok=1
Cmd: preprocess
  insize=5514 outsize=1229 ok=1
Cmd: preprocess
  insize=5514 outsize=1229 ok=1
Cmd: preprocess
  insize=5514 outsize=1229 ok=1
Cmd: preprocess
  insize=5618 outsize=1231 ok=1
Cmd: preprocess
  insize=5648 outsize=1231 ok=1
Cmd: preprocess
  insize=5484 outsize=1229 ok=1
Cmd: compileSnippet
  api=4 type=0 insize=35661 outsize=1702 kw=DECALS_3RT pd=UNITY_ENABLE_REFLECTION_BUFFERS UNITY_USE_DITHER_MASK_FOR_ALPHABLENDED_SHADOWS UNITY_PBS_USE_BRDF1 UNITY_SPECCUBE_BOX_PROJECTION UNITY_SPECCUBE_BLENDING UNITY_ENABLE_DETAIL_NORMALMAP SHADER_API_DESKTOP UNITY_LIGHT_PROBE_PROXY_VOLUME UNITY_LIGHTMAP_FULL_HDR ok=1
Cmd: compileSnippet
  api=4 type=1 insize=35661 outsize=7174 kw=DECALS_3RT pd=UNITY_ENABLE_REFLECTION_BUFFERS UNITY_USE_DITHER_MASK_FOR_ALPHABLENDED_SHADOWS UNITY_PBS_USE_BRDF1 UNITY_SPECCUBE_BOX_PROJECTION UNITY_SPECCUBE_BLENDING UNITY_ENABLE_DETAIL_NORMALMAP SHADER_API_DESKTOP UNITY_LIGHT_PROBE_PROXY_VOLUME UNITY_LIGHTMAP_FULL_HDR ok=1
Cmd: preprocess
  insize=101735 outsize=4671 ok=1
Cmd: preprocess
  insize=5607 outsize=1203 ok=1
Cmd: preprocess
  insize=5424 outsize=1214 ok=1
Cmd: preprocess
  insize=5432 outsize=1209 ok=1
Cmd: preprocess
  insize=7933 outsize=1204 ok=1
Cmd: preprocess
  insize=8647 outsize=1203 ok=1
Cmd: preprocess
  insize=7748 outsize=1207 ok=1
Cmd: preprocess
  insize=5492 outsize=1202 ok=1
Cmd: preprocess
  insize=5885 outsize=1204 ok=1
Cmd: preprocess
  insize=6668 outsize=1204 ok=1
Cmd: preprocess
  insize=5492 outsize=1203 ok=1
Cmd: preprocess
  insize=5490 outsize=1203 ok=1
Cmd: preprocess
  insize=5882 outsize=1203 ok=1
Cmd: preprocess
  insize=5491 outsize=1203 ok=1
Cmd: preprocess
  insize=5454 outsize=1214 ok=1
Cmd: preprocess
  insize=5454 outsize=1214 ok=1
Cmd: preprocess
  insize=5454 outsize=1214 ok=1
Cmd: preprocess
  insize=5558 outsize=1217 ok=1
Cmd: preprocess
  insize=5558 outsize=1217 ok=1
Cmd: preprocess
  insize=5424 outsize=1214 ok=1
Cmd: compileSnippet
  api=4 type=0 insize=35586 outsize=1702 kw=DECALS_3RT pd=UNITY_ENABLE_REFLECTION_BUFFERS UNITY_USE_DITHER_MASK_FOR_ALPHABLENDED_SHADOWS UNITY_PBS_USE_BRDF1 UNITY_SPECCUBE_BOX_PROJECTION UNITY_SPECCUBE_BLENDING UNITY_ENABLE_DETAIL_NORMALMAP SHADER_API_DESKTOP UNITY_LIGHT_PROBE_PROXY_VOLUME UNITY_LIGHTMAP_FULL_HDR ok=1
Cmd: compileSnippet
  api=4 type=1 insize=35586 outsize=7174 kw=DECALS_3RT pd=UNITY_ENABLE_REFLECTION_BUFFERS UNITY_USE_DITHER_MASK_FOR_ALPHABLENDED_SHADOWS UNITY_PBS_USE_BRDF1 UNITY_SPECCUBE_BOX_PROJECTION UNITY_SPECCUBE_BLENDING UNITY_ENABLE_DETAIL_NORMALMAP SHADER_API_DESKTOP UNITY_LIGHT_PROBE_PROXY_VOLUME UNITY_LIGHTMAP_FULL_HDR ok=1
Cmd: preprocess
  insize=101495 outsize=4657 ok=1
Cmd: preprocess
  insize=5547 outsize=1188 ok=1
Cmd: preprocess
  insize=5364 outsize=1199 ok=1
Cmd: preprocess
  insize=5372 outsize=1194 ok=1
Cmd: preprocess
  insize=7873 outsize=1188 ok=1
Cmd: preprocess
  insize=8587 outsize=1188 ok=1
Cmd: preprocess
  insize=7688 outsize=1191 ok=1
Cmd: preprocess
  insize=5432 outsize=1188 ok=1
Cmd: preprocess
  insize=5825 outsize=1189 ok=1
Cmd: preprocess
  insize=6608 outsize=1189 ok=1
Cmd: preprocess
  insize=5432 outsize=1188 ok=1
Cmd: preprocess
  insize=5430 outsize=1188 ok=1
Cmd: preprocess
  insize=5822 outsize=1189 ok=1
Cmd: preprocess
  insize=5431 outsize=1188 ok=1
Cmd: preprocess
  insize=5394 outsize=1199 ok=1
Cmd: preprocess
  insize=5394 outsize=1199 ok=1
Cmd: preprocess
  insize=5364 outsize=1199 ok=1
Cmd: preprocess
  insize=5498 outsize=1202 ok=1
Cmd: preprocess
  insize=5498 outsize=1202 ok=1
Cmd: preprocess
  insize=5364 outsize=1198 ok=1
Cmd: compileSnippet
  api=4 type=0 insize=35511 outsize=1702 kw=DECALS_3RT pd=UNITY_ENABLE_REFLECTION_BUFFERS UNITY_USE_DITHER_MASK_FOR_ALPHABLENDED_SHADOWS UNITY_PBS_USE_BRDF1 UNITY_SPECCUBE_BOX_PROJECTION UNITY_SPECCUBE_BLENDING UNITY_ENABLE_DETAIL_NORMALMAP SHADER_API_DESKTOP UNITY_LIGHT_PROBE_PROXY_VOLUME UNITY_LIGHTMAP_FULL_HDR ok=1
Cmd: compileSnippet
  api=4 type=1 insize=35511 outsize=7174 kw=DECALS_3RT pd=UNITY_ENABLE_REFLECTION_BUFFERS UNITY_USE_DITHER_MASK_FOR_ALPHABLENDED_SHADOWS UNITY_PBS_USE_BRDF1 UNITY_SPECCUBE_BOX_PROJECTION UNITY_SPECCUBE_BLENDING UNITY_ENABLE_DETAIL_NORMALMAP SHADER_API_DESKTOP UNITY_LIGHT_PROBE_PROXY_VOLUME UNITY_LIGHTMAP_FULL_HDR ok=1
Cmd: preprocess
  insize=101285 outsize=4642 ok=1
Cmd: preprocess
  insize=5487 outsize=1172 ok=1
Cmd: preprocess
  insize=5304 outsize=1183 ok=1
Cmd: preprocess
  insize=5312 outsize=1179 ok=1
Cmd: preprocess
  insize=7813 outsize=1174 ok=1
Cmd: preprocess
  insize=8527 outsize=1173 ok=1
Cmd: preprocess
  insize=7628 outsize=1177 ok=1
Cmd: preprocess
  insize=5372 outsize=1173 ok=1
Cmd: preprocess
  insize=5765 outsize=1174 ok=1
Cmd: preprocess
  insize=6548 outsize=1174 ok=1
Cmd: preprocess
  insize=5372 outsize=1173 ok=1
Cmd: preprocess
  insize=5370 outsize=1173 ok=1
Cmd: preprocess
  insize=5762 outsize=1174 ok=1
Cmd: preprocess
  insize=5371 outsize=1173 ok=1
Cmd: preprocess
  insize=5334 outsize=1184 ok=1
Cmd: preprocess
  insize=5304 outsize=1184 ok=1
Cmd: preprocess
  insize=5304 outsize=1184 ok=1
Cmd: preprocess
  insize=5438 outsize=1187 ok=1
Cmd: preprocess
  insize=5438 outsize=1186 ok=1
Cmd: preprocess
  insize=5304 outsize=1184 ok=1
Cmd: compileSnippet
  api=4 type=0 insize=35436 outsize=1702 kw=DECALS_3RT pd=UNITY_ENABLE_REFLECTION_BUFFERS UNITY_USE_DITHER_MASK_FOR_ALPHABLENDED_SHADOWS UNITY_PBS_USE_BRDF1 UNITY_SPECCUBE_BOX_PROJECTION UNITY_SPECCUBE_BLENDING UNITY_ENABLE_DETAIL_NORMALMAP SHADER_API_DESKTOP UNITY_LIGHT_PROBE_PROXY_VOLUME UNITY_LIGHTMAP_FULL_HDR ok=1
Cmd: compileSnippet
  api=4 type=1 insize=35436 outsize=7174 kw=DECALS_3RT pd=UNITY_ENABLE_REFLECTION_BUFFERS UNITY_USE_DITHER_MASK_FOR_ALPHABLENDED_SHADOWS UNITY_PBS_USE_BRDF1 UNITY_SPECCUBE_BOX_PROJECTION UNITY_SPECCUBE_BLENDING UNITY_ENABLE_DETAIL_NORMALMAP SHADER_API_DESKTOP UNITY_LIGHT_PROBE_PROXY_VOLUME UNITY_LIGHTMAP_FULL_HDR ok=1
Cmd: preprocess
  insize=101075 outsize=4625 ok=1
Cmd: preprocess
  insize=5427 outsize=1158 ok=1
Cmd: preprocess
  insize=5244 outsize=1169 ok=1
Cmd: preprocess
  insize=5252 outsize=1164 ok=1
Cmd: preprocess
  insize=7753 outsize=1158 ok=1
Cmd: preprocess
  insize=8437 outsize=1158 ok=1
Cmd: preprocess
  insize=7568 outsize=1162 ok=1
Cmd: preprocess
  insize=5312 outsize=1158 ok=1
Cmd: preprocess
  insize=5705 outsize=1159 ok=1
Cmd: preprocess
  insize=6488 outsize=1158 ok=1
Cmd: preprocess
  insize=5312 outsize=1158 ok=1
Cmd: preprocess
  insize=5310 outsize=1158 ok=1
Cmd: preprocess
  insize=5702 outsize=1158 ok=1
Cmd: preprocess
  insize=5311 outsize=1158 ok=1
Cmd: preprocess
  insize=5244 outsize=1169 ok=1
Cmd: preprocess
  insize=5244 outsize=1169 ok=1
Cmd: preprocess
  insize=5244 outsize=1169 ok=1
Cmd: preprocess
  insize=5378 outsize=1172 ok=1
Cmd: preprocess
  insize=5378 outsize=1171 ok=1
Cmd: preprocess
  insize=5244 outsize=1169 ok=1
Cmd: compileSnippet
  api=4 type=0 insize=35361 outsize=1702 kw=DECALS_3RT pd=UNITY_ENABLE_REFLECTION_BUFFERS UNITY_USE_DITHER_MASK_FOR_ALPHABLENDED_SHADOWS UNITY_PBS_USE_BRDF1 UNITY_SPECCUBE_BOX_PROJECTION UNITY_SPECCUBE_BLENDING UNITY_ENABLE_DETAIL_NORMALMAP SHADER_API_DESKTOP UNITY_LIGHT_PROBE_PROXY_VOLUME UNITY_LIGHTMAP_FULL_HDR ok=1
Cmd: compileSnippet
  api=4 type=1 insize=35361 outsize=7174 kw=DECALS_3RT pd=UNITY_ENABLE_REFLECTION_BUFFERS UNITY_USE_DITHER_MASK_FOR_ALPHABLENDED_SHADOWS UNITY_PBS_USE_BRDF1 UNITY_SPECCUBE_BOX_PROJECTION UNITY_SPECCUBE_BLENDING UNITY_ENABLE_DETAIL_NORMALMAP SHADER_API_DESKTOP UNITY_LIGHT_PROBE_PROXY_VOLUME UNITY_LIGHTMAP_FULL_HDR ok=1
Cmd: preprocess
  insize=101015 outsize=4617 ok=1
Cmd: preprocess
  insize=5407 outsize=1146 ok=1
Cmd: preprocess
  insize=5224 outsize=1159 ok=1
Cmd: preprocess
  insize=5232 outsize=1154 ok=1
Cmd: preprocess
  insize=7723 outsize=1148 ok=1
Cmd: preprocess
  insize=8407 outsize=1148 ok=1
Cmd: preprocess
  insize=7538 outsize=1152 ok=1
Cmd: preprocess
  insize=5292 outsize=1148 ok=1
Cmd: preprocess
  insize=5685 outsize=1149 ok=1
Cmd: preprocess
  insize=6458 outsize=1149 ok=1
Cmd: preprocess
  insize=5292 outsize=1148 ok=1
Cmd: preprocess
  insize=5290 outsize=1148 ok=1
Cmd: preprocess
  insize=5672 outsize=1149 ok=1
Cmd: preprocess
  insize=5281 outsize=1148 ok=1
Cmd: preprocess
  insize=5224 outsize=1159 ok=1
Cmd: preprocess
  insize=5224 outsize=1159 ok=1
Cmd: preprocess
  insize=5224 outsize=1159 ok=1
Cmd: preprocess
  insize=5358 outsize=1161 ok=1
Cmd: preprocess
  insize=5358 outsize=1161 ok=1
Cmd: preprocess
  insize=5224 outsize=1159 ok=1
Cmd: compileSnippet
  api=4 type=0 insize=35341 outsize=1702 kw=DECALS_3RT pd=UNITY_ENABLE_REFLECTION_BUFFERS UNITY_USE_DITHER_MASK_FOR_ALPHABLENDED_SHADOWS UNITY_PBS_USE_BRDF1 UNITY_SPECCUBE_BOX_PROJECTION UNITY_SPECCUBE_BLENDING UNITY_ENABLE_DETAIL_NORMALMAP SHADER_API_DESKTOP UNITY_LIGHT_PROBE_PROXY_VOLUME UNITY_LIGHTMAP_FULL_HDR ok=1
Cmd: compileSnippet
  api=4 type=1 insize=35341 outsize=7174 kw=DECALS_3RT pd=UNITY_ENABLE_REFLECTION_BUFFERS UNITY_USE_DITHER_MASK_FOR_ALPHABLENDED_SHADOWS UNITY_PBS_USE_BRDF1 UNITY_SPECCUBE_BOX_PROJECTION UNITY_SPECCUBE_BLENDING UNITY_ENABLE_DETAIL_NORMALMAP SHADER_API_DESKTOP UNITY_LIGHT_PROBE_PROXY_VOLUME UNITY_LIGHTMAP_FULL_HDR ok=1
Cmd: preprocess
  insize=100949 outsize=4606 ok=1
Cmd: preprocess
  insize=5385 outsize=1137 ok=1
Cmd: preprocess
  insize=5202 outsize=1148 ok=1
Cmd: preprocess
  insize=5210 outsize=1143 ok=1
Cmd: preprocess
  insize=7690 outsize=1138 ok=1
Cmd: preprocess
  insize=8374 outsize=1137 ok=1
Cmd: preprocess
  insize=7505 outsize=1141 ok=1
Cmd: preprocess
  insize=5270 outsize=1137 ok=1
Cmd: preprocess
  insize=5663 outsize=1138 ok=1
Cmd: preprocess
  insize=6425 outsize=1137 ok=1
Cmd: preprocess
  insize=5270 outsize=1137 ok=1
Cmd: preprocess
  insize=5257 outsize=1137 ok=1
Cmd: preprocess
  insize=5639 outsize=1138 ok=1
Cmd: preprocess
  insize=5259 outsize=1137 ok=1
Cmd: preprocess
  insize=5202 outsize=1148 ok=1
Cmd: preprocess
  insize=5202 outsize=1148 ok=1
Cmd: preprocess
  insize=5202 outsize=1148 ok=1
Cmd: preprocess
  insize=5336 outsize=1151 ok=1
Cmd: preprocess
  insize=5336 outsize=1151 ok=1
Cmd: preprocess
  insize=5202 outsize=1148 ok=1
Cmd: compileSnippet
  api=4 type=0 insize=35319 outsize=1702 kw=DECALS_3RT pd=UNITY_ENABLE_REFLECTION_BUFFERS UNITY_USE_DITHER_MASK_FOR_ALPHABLENDED_SHADOWS UNITY_PBS_USE_BRDF1 UNITY_SPECCUBE_BOX_PROJECTION UNITY_SPECCUBE_BLENDING UNITY_ENABLE_DETAIL_NORMALMAP SHADER_API_DESKTOP UNITY_LIGHT_PROBE_PROXY_VOLUME UNITY_LIGHTMAP_FULL_HDR ok=1
Cmd: compileSnippet
  api=4 type=1 insize=35319 outsize=7174 kw=DECALS_3RT pd=UNITY_ENABLE_REFLECTION_BUFFERS UNITY_USE_DITHER_MASK_FOR_ALPHABLENDED_SHADOWS UNITY_PBS_USE_BRDF1 UNITY_SPECCUBE_BOX_PROJECTION UNITY_SPECCUBE_BLENDING UNITY_ENABLE_DETAIL_NORMALMAP SHADER_API_DESKTOP UNITY_LIGHT_PROBE_PROXY_VOLUME UNITY_LIGHTMAP_FULL_HDR ok=1
Cmd: preprocess
  insize=100883 outsize=4595 ok=1
Cmd: preprocess
  insize=5363 outsize=1126 ok=1
Cmd: preprocess
  insize=5180 outsize=1137 ok=1
Cmd: preprocess
  insize=5188 outsize=1132 ok=1
Cmd: preprocess
  insize=7657 outsize=1127 ok=1
Cmd: preprocess
  insize=8341 outsize=1126 ok=1
Cmd: preprocess
  insize=7472 outsize=1130 ok=1
Cmd: preprocess
  insize=5248 outsize=1126 ok=1
Cmd: preprocess
  insize=5630 outsize=1127 ok=1
Cmd: preprocess
  insize=6392 outsize=1127 ok=1
Cmd: preprocess
  insize=5237 outsize=1125 ok=1
Cmd: preprocess
  insize=5235 outsize=1126 ok=1
Cmd: preprocess
  insize=5617 outsize=1127 ok=1
Cmd: preprocess
  insize=5237 outsize=1126 ok=1
Cmd: preprocess
  insize=5180 outsize=1136 ok=1
Cmd: preprocess
  insize=5180 outsize=1137 ok=1
Cmd: preprocess
  insize=5180 outsize=1137 ok=1
Cmd: preprocess
  insize=5314 outsize=1140 ok=1
Cmd: preprocess
  insize=5314 outsize=1140 ok=1
Cmd: preprocess
  insize=5180 outsize=1137 ok=1
Cmd: compileSnippet
  api=4 type=0 insize=35297 outsize=1702 kw=DECALS_3RT pd=UNITY_ENABLE_REFLECTION_BUFFERS UNITY_USE_DITHER_MASK_FOR_ALPHABLENDED_SHADOWS UNITY_PBS_USE_BRDF1 UNITY_SPECCUBE_BOX_PROJECTION UNITY_SPECCUBE_BLENDING UNITY_ENABLE_DETAIL_NORMALMAP SHADER_API_DESKTOP UNITY_LIGHT_PROBE_PROXY_VOLUME UNITY_LIGHTMAP_FULL_HDR ok=1
Cmd: compileSnippet
  api=4 type=1 insize=35297 outsize=7174 kw=DECALS_3RT pd=UNITY_ENABLE_REFLECTION_BUFFERS UNITY_USE_DITHER_MASK_FOR_ALPHABLENDED_SHADOWS UNITY_PBS_USE_BRDF1 UNITY_SPECCUBE_BOX_PROJECTION UNITY_SPECCUBE_BLENDING UNITY_ENABLE_DETAIL_NORMALMAP SHADER_API_DESKTOP UNITY_LIGHT_PROBE_PROXY_VOLUME UNITY_LIGHTMAP_FULL_HDR ok=1
Cmd: preprocess
  insize=100817 outsize=4584 ok=1
Cmd: preprocess
  insize=5341 outsize=1115 ok=1
Cmd: preprocess
  insize=5158 outsize=1125 ok=1
Cmd: preprocess
  insize=5166 outsize=1120 ok=1
Cmd: preprocess
  insize=7624 outsize=1116 ok=1
Cmd: preprocess
  insize=8308 outsize=1115 ok=1
Cmd: preprocess
  insize=7439 outsize=1119 ok=1
Cmd: preprocess
  insize=5215 outsize=1114 ok=1
Cmd: preprocess
  insize=5597 outsize=1116 ok=1
Cmd: preprocess
  insize=6359 outsize=1116 ok=1
Cmd: preprocess
  insize=5215 outsize=1115 ok=1
Cmd: preprocess
  insize=5213 outsize=1114 ok=1
Cmd: preprocess
  insize=5595 outsize=1116 ok=1
Cmd: preprocess
  insize=5215 outsize=1115 ok=1
Cmd: preprocess
  insize=5158 outsize=1125 ok=1
Cmd: preprocess
  insize=5158 outsize=1125 ok=1
Cmd: preprocess
  insize=5158 outsize=1126 ok=1
Cmd: preprocess
  insize=5292 outsize=1129 ok=1
Cmd: preprocess
  insize=5292 outsize=1129 ok=1
Cmd: preprocess
  insize=5158 outsize=1126 ok=1
Cmd: compileSnippet
  api=4 type=0 insize=35275 outsize=1702 kw=DECALS_3RT pd=UNITY_ENABLE_REFLECTION_BUFFERS UNITY_USE_DITHER_MASK_FOR_ALPHABLENDED_SHADOWS UNITY_PBS_USE_BRDF1 UNITY_SPECCUBE_BOX_PROJECTION UNITY_SPECCUBE_BLENDING UNITY_ENABLE_DETAIL_NORMALMAP SHADER_API_DESKTOP UNITY_LIGHT_PROBE_PROXY_VOLUME UNITY_LIGHTMAP_FULL_HDR ok=1
Cmd: compileSnippet
  api=4 type=1 insize=35275 outsize=7174 kw=DECALS_3RT pd=UNITY_ENABLE_REFLECTION_BUFFERS UNITY_USE_DITHER_MASK_FOR_ALPHABLENDED_SHADOWS UNITY_PBS_USE_BRDF1 UNITY_SPECCUBE_BOX_PROJECTION UNITY_SPECCUBE_BLENDING UNITY_ENABLE_DETAIL_NORMALMAP SHADER_API_DESKTOP UNITY_LIGHT_PROBE_PROXY_VOLUME UNITY_LIGHTMAP_FULL_HDR ok=1
Cmd: preprocess
  insize=100751 outsize=4572 ok=1
Cmd: preprocess
  insize=5308 outsize=1104 ok=1
Cmd: preprocess
  insize=5136 outsize=1115 ok=1
Cmd: preprocess
  insize=5144 outsize=1110 ok=1
Cmd: preprocess
  insize=7602 outsize=1105 ok=1
Cmd: preprocess
  insize=8286 outsize=1104 ok=1
Cmd: preprocess
  insize=7417 outsize=1108 ok=1
Cmd: preprocess
  insize=5193 outsize=1103 ok=1
Cmd: preprocess
  insize=5575 outsize=1105 ok=1
Cmd: preprocess
  insize=6337 outsize=1105 ok=1
Cmd: preprocess
  insize=5193 outsize=1104 ok=1
Cmd: preprocess
  insize=5191 outsize=1104 ok=1
Cmd: preprocess
  insize=5573 outsize=1104 ok=1
Cmd: preprocess
  insize=5193 outsize=1104 ok=1
Cmd: preprocess
  insize=5136 outsize=1115 ok=1
Cmd: preprocess
  insize=5136 outsize=1115 ok=1
Cmd: preprocess
  insize=5136 outsize=1115 ok=1
Cmd: preprocess
  insize=5270 outsize=1118 ok=1
Cmd: preprocess
  insize=5270 outsize=1118 ok=1
Cmd: preprocess
  insize=5136 outsize=1115 ok=1
Cmd: compileSnippet
  api=4 type=0 insize=35253 outsize=1702 kw=DECALS_3RT pd=UNITY_ENABLE_REFLECTION_BUFFERS UNITY_USE_DITHER_MASK_FOR_ALPHABLENDED_SHADOWS UNITY_PBS_USE_BRDF1 UNITY_SPECCUBE_BOX_PROJECTION UNITY_SPECCUBE_BLENDING UNITY_ENABLE_DETAIL_NORMALMAP SHADER_API_DESKTOP UNITY_LIGHT_PROBE_PROXY_VOLUME UNITY_LIGHTMAP_FULL_HDR ok=1
Cmd: compileSnippet
  api=4 type=1 insize=35253 outsize=7174 kw=DECALS_3RT pd=UNITY_ENABLE_REFLECTION_BUFFERS UNITY_USE_DITHER_MASK_FOR_ALPHABLENDED_SHADOWS UNITY_PBS_USE_BRDF1 UNITY_SPECCUBE_BOX_PROJECTION UNITY_SPECCUBE_BLENDING UNITY_ENABLE_DETAIL_NORMALMAP SHADER_API_DESKTOP UNITY_LIGHT_PROBE_PROXY_VOLUME UNITY_LIGHTMAP_FULL_HDR ok=1
Cmd: preprocess
  insize=100673 outsize=4559 ok=1
Cmd: preprocess
  insize=5282 outsize=1091 ok=1
Cmd: preprocess
  insize=5110 outsize=1102 ok=1
Cmd: preprocess
  insize=5118 outsize=1097 ok=1
Cmd: preprocess
  insize=7576 outsize=1092 ok=1
Cmd: preprocess
  insize=8260 outsize=1091 ok=1
Cmd: preprocess
  insize=7391 outsize=1094 ok=1
Cmd: preprocess
  insize=5167 outsize=1090 ok=1
Cmd: preprocess
  insize=5549 outsize=1092 ok=1
Cmd: preprocess
  insize=6311 outsize=1092 ok=1
Cmd: preprocess
  insize=5167 outsize=1090 ok=1
Cmd: preprocess
  insize=5165 outsize=1091 ok=1
Cmd: preprocess
  insize=5547 outsize=1092 ok=1
Cmd: preprocess
  insize=5167 outsize=1091 ok=1
Cmd: preprocess
  insize=5110 outsize=1102 ok=1
Cmd: preprocess
  insize=5110 outsize=1102 ok=1
Cmd: preprocess
  insize=5110 outsize=1102 ok=1
Cmd: preprocess
  insize=5244 outsize=1104 ok=1
Cmd: preprocess
  insize=5244 outsize=1105 ok=1
Cmd: preprocess
  insize=5110 outsize=1102 ok=1
Cmd: compileSnippet
  api=4 type=0 insize=35227 outsize=1702 kw=DECALS_3RT pd=UNITY_ENABLE_REFLECTION_BUFFERS UNITY_USE_DITHER_MASK_FOR_ALPHABLENDED_SHADOWS UNITY_PBS_USE_BRDF1 UNITY_SPECCUBE_BOX_PROJECTION UNITY_SPECCUBE_BLENDING UNITY_ENABLE_DETAIL_NORMALMAP SHADER_API_DESKTOP UNITY_LIGHT_PROBE_PROXY_VOLUME UNITY_LIGHTMAP_FULL_HDR ok=1
Cmd: compileSnippet
  api=4 type=1 insize=35227 outsize=7174 kw=DECALS_3RT pd=UNITY_ENABLE_REFLECTION_BUFFERS UNITY_USE_DITHER_MASK_FOR_ALPHABLENDED_SHADOWS UNITY_PBS_USE_BRDF1 UNITY_SPECCUBE_BOX_PROJECTION UNITY_SPECCUBE_BLENDING UNITY_ENABLE_DETAIL_NORMALMAP SHADER_API_DESKTOP UNITY_LIGHT_PROBE_PROXY_VOLUME UNITY_LIGHTMAP_FULL_HDR ok=1
Cmd: preprocess
  insize=100673 outsize=4559 ok=1
Cmd: preprocess
  insize=5110 outsize=1102 ok=1
Cmd: preprocess
  insize=5110 outsize=1102 ok=1
Cmd: preprocess
  insize=5244 outsize=1104 ok=1
Cmd: preprocess
  insize=5244 outsize=1105 ok=1
Cmd: preprocess
  insize=5110 outsize=1102 ok=1
Cmd: preprocess
  insize=5110 outsize=1102 ok=1
Cmd: preprocess
  insize=5549 outsize=1092 ok=1
Cmd: preprocess
  insize=5167 outsize=1091 ok=1
Cmd: preprocess
  insize=5167 outsize=1090 ok=1
Cmd: preprocess
  insize=5165 outsize=1091 ok=1
Cmd: preprocess
  insize=5110 outsize=1102 ok=1
Cmd: preprocess
  insize=5167 outsize=1090 ok=1
Cmd: preprocess
  insize=5547 outsize=1092 ok=1
Cmd: preprocess
  insize=6311 outsize=1092 ok=1
Cmd: preprocess
  insize=7391 outsize=1094 ok=1
Cmd: preprocess
  insize=5118 outsize=1097 ok=1
Cmd: preprocess
  insize=7576 outsize=1092 ok=1
Cmd: preprocess
  insize=5282 outsize=1091 ok=1
Cmd: preprocess
  insize=8260 outsize=1091 ok=1
Cmd: preprocess
  insize=771 outsize=196 ok=1
Cmd: preprocess
  insize=771 outsize=196 ok=1
Cmd: preprocess
  insize=771 outsize=196 ok=1
Cmd: preprocess
  insize=771 outsize=196 ok=1
Cmd: preprocess
  insize=771 outsize=196 ok=1
Cmd: preprocess
  insize=771 outsize=196 ok=1
Cmd: preprocess
  insize=771 outsize=196 ok=1
Cmd: preprocess
  insize=771 outsize=196 ok=1
Cmd: preprocess
  insize=771 outsize=196 ok=1
Cmd: preprocess
  insize=771 outsize=196 ok=1
Cmd: preprocess
  insize=771 outsize=196 ok=1
Cmd: preprocess
  insize=771 outsize=196 ok=1
Cmd: preprocess
  insize=771 outsize=196 ok=1
Cmd: preprocess
  insize=771 outsize=196 ok=1
Cmd: preprocess
  insize=771 outsize=196 ok=1
Cmd: preprocess
  insize=771 outsize=196 ok=1
Cmd: preprocess
  insize=771 outsize=196 ok=1
Cmd: preprocess
  insize=771 outsize=196 ok=1
Cmd: preprocess
  insize=771 outsize=196 ok=1
Cmd: preprocess
  insize=771 outsize=196 ok=1
Cmd: preprocess
  insize=771 outsize=196 ok=1
Cmd: preprocess
  insize=771 outsize=196 ok=1
Cmd: preprocess
  insize=771 outsize=196 ok=1
Cmd: preprocess
  insize=771 outsize=196 ok=1
Cmd: preprocess
  insize=771 outsize=196 ok=1
Cmd: preprocess
  insize=771 outsize=196 ok=1
Cmd: preprocess
  insize=771 outsize=196 ok=1
Cmd: preprocess
  insize=771 outsize=196 ok=1
Cmd: preprocess
  insize=771 outsize=196 ok=1
Cmd: preprocess
  insize=771 outsize=196 ok=1
Cmd: preprocess
  insize=771 outsize=196 ok=1
Cmd: preprocess
  insize=771 outsize=196 ok=1
Cmd: preprocess
  insize=771 outsize=196 ok=1
Cmd: preprocess
  insize=771 outsize=196 ok=1
Cmd: preprocess
  insize=100673 outsize=4559 ok=1
Cmd: preprocess
  insize=5110 outsize=1102 ok=1
Cmd: preprocess
  insize=5110 outsize=1102 ok=1
Cmd: preprocess
  insize=5244 outsize=1104 ok=1
Cmd: preprocess
  insize=5244 outsize=1105 ok=1
Cmd: preprocess
  insize=5110 outsize=1102 ok=1
Cmd: preprocess
  insize=5110 outsize=1102 ok=1
Cmd: preprocess
  insize=5549 outsize=1092 ok=1
Cmd: preprocess
  insize=5167 outsize=1091 ok=1
Cmd: preprocess
  insize=5167 outsize=1090 ok=1
Cmd: preprocess
  insize=5165 outsize=1091 ok=1
Cmd: preprocess
  insize=5110 outsize=1102 ok=1
Cmd: preprocess
  insize=5167 outsize=1090 ok=1
Cmd: preprocess
  insize=5547 outsize=1092 ok=1
Cmd: preprocess
  insize=6311 outsize=1092 ok=1
Cmd: preprocess
  insize=7391 outsize=1094 ok=1
Cmd: preprocess
  insize=5118 outsize=1097 ok=1
Cmd: preprocess
  insize=7576 outsize=1092 ok=1
Cmd: preprocess
  insize=5282 outsize=1091 ok=1
Cmd: preprocess
  insize=8260 outsize=1091 ok=1
Cmd: preprocess
  insize=100673 outsize=4559 ok=1
Cmd: preprocess
  insize=5282 outsize=1091 ok=1
Cmd: preprocess
  insize=5110 outsize=1102 ok=1
Cmd: preprocess
  insize=5118 outsize=1097 ok=1
Cmd: preprocess
  insize=7576 outsize=1092 ok=1
Cmd: preprocess
  insize=8260 outsize=1091 ok=1
Cmd: preprocess
  insize=7391 outsize=1094 ok=1
Cmd: preprocess
  insize=5167 outsize=1090 ok=1
Cmd: preprocess
  insize=5549 outsize=1092 ok=1
Cmd: preprocess
  insize=6311 outsize=1092 ok=1
Cmd: preprocess
  insize=5167 outsize=1090 ok=1
Cmd: preprocess
  insize=5165 outsize=1091 ok=1
Cmd: preprocess
  insize=5547 outsize=1092 ok=1
Cmd: preprocess
  insize=5167 outsize=1091 ok=1
Cmd: preprocess
  insize=5110 outsize=1102 ok=1
Cmd: preprocess
  insize=5110 outsize=1102 ok=1
Cmd: preprocess
  insize=5110 outsize=1102 ok=1
Cmd: preprocess
  insize=5244 outsize=1104 ok=1
Cmd: preprocess
  insize=5244 outsize=1105 ok=1
Cmd: preprocess
  insize=5110 outsize=1102 ok=1
Cmd: preprocess
  insize=100673 outsize=4559 ok=1
Cmd: preprocess
  insize=5110 outsize=1102 ok=1
Cmd: preprocess
  insize=5110 outsize=1102 ok=1
Cmd: preprocess
  insize=5244 outsize=1104 ok=1
Cmd: preprocess
  insize=5244 outsize=1105 ok=1
Cmd: preprocess
  insize=5110 outsize=1102 ok=1
Cmd: preprocess
  insize=5110 outsize=1102 ok=1
Cmd: preprocess
  insize=5549 outsize=1092 ok=1
Cmd: preprocess
  insize=5167 outsize=1091 ok=1
Cmd: preprocess
  insize=5167 outsize=1090 ok=1
Cmd: preprocess
  insize=5165 outsize=1091 ok=1
Cmd: preprocess
  insize=5110 outsize=1102 ok=1
Cmd: preprocess
  insize=5167 outsize=1090 ok=1
Cmd: preprocess
  insize=5547 outsize=1092 ok=1
Cmd: preprocess
  insize=6311 outsize=1092 ok=1
Cmd: preprocess
  insize=7391 outsize=1094 ok=1
Cmd: preprocess
  insize=5118 outsize=1097 ok=1
Cmd: preprocess
  insize=7576 outsize=1092 ok=1
Cmd: preprocess
  insize=5282 outsize=1091 ok=1
Cmd: preprocess
  insize=8260 outsize=1091 ok=1
Cmd: preprocess
  insize=199546 outsize=8727 ok=1
Cmd: compileSnippet
  api=4 type=0 insize=31617 outsize=838 kw=UNITY_PASS_META pd=UNITY_ENABLE_REFLECTION_BUFFERS UNITY_USE_DITHER_MASK_FOR_ALPHABLENDED_SHADOWS UNITY_PBS_USE_BRDF1 UNITY_SPECCUBE_BOX_PROJECTION UNITY_SPECCUBE_BLENDING UNITY_ENABLE_DETAIL_NORMALMAP SHADER_API_DESKTOP UNITY_LIGHT_PROBE_PROXY_VOLUME UNITY_LIGHTMAP_FULL_HDR ok=1
Cmd: compileSnippet
  api=4 type=1 insize=31617 outsize=1474 kw=UNITY_PASS_META pd=UNITY_ENABLE_REFLECTION_BUFFERS UNITY_USE_DITHER_MASK_FOR_ALPHABLENDED_SHADOWS UNITY_PBS_USE_BRDF1 UNITY_SPECCUBE_BOX_PROJECTION UNITY_SPECCUBE_BLENDING UNITY_ENABLE_DETAIL_NORMALMAP SHADER_API_DESKTOP UNITY_LIGHT_PROBE_PROXY_VOLUME UNITY_LIGHTMAP_FULL_HDR ok=1
Cmd: compileSnippet
  api=4 type=0 insize=21379 outsize=810 kw=UNITY_PASS_SHADOWCASTER pd=UNITY_ENABLE_REFLECTION_BUFFERS UNITY_USE_DITHER_MASK_FOR_ALPHABLENDED_SHADOWS UNITY_PBS_USE_BRDF1 UNITY_SPECCUBE_BOX_PROJECTION UNITY_SPECCUBE_BLENDING UNITY_ENABLE_DETAIL_NORMALMAP SHADER_API_DESKTOP UNITY_LIGHT_PROBE_PROXY_VOLUME UNITY_LIGHTMAP_FULL_HDR ok=1
Cmd: compileSnippet
  api=4 type=1 insize=21379 outsize=142 kw=UNITY_PASS_SHADOWCASTER pd=UNITY_ENABLE_REFLECTION_BUFFERS UNITY_USE_DITHER_MASK_FOR_ALPHABLENDED_SHADOWS UNITY_PBS_USE_BRDF1 UNITY_SPECCUBE_BOX_PROJECTION UNITY_SPECCUBE_BLENDING UNITY_ENABLE_DETAIL_NORMALMAP SHADER_API_DESKTOP UNITY_LIGHT_PROBE_PROXY_VOLUME UNITY_LIGHTMAP_FULL_HDR ok=1
Cmd: compileSnippet
  api=4 type=0 insize=21428 outsize=810 kw= pd=UNITY_ENABLE_REFLECTION_BUFFERS UNITY_USE_DITHER_MASK_FOR_ALPHABLENDED_SHADOWS UNITY_PBS_USE_BRDF1 UNITY_SPECCUBE_BOX_PROJECTION UNITY_SPECCUBE_BLENDING UNITY_ENABLE_DETAIL_NORMALMAP SHADER_API_DESKTOP UNITY_LIGHT_PROBE_PROXY_VOLUME UNITY_LIGHTMAP_FULL_HDR ok=1
Cmd: compileSnippet
  api=4 type=1 insize=21428 outsize=262 kw= pd=UNITY_ENABLE_REFLECTION_BUFFERS UNITY_USE_DITHER_MASK_FOR_ALPHABLENDED_SHADOWS UNITY_PBS_USE_BRDF1 UNITY_SPECCUBE_BOX_PROJECTION UNITY_SPECCUBE_BLENDING UNITY_ENABLE_DETAIL_NORMALMAP SHADER_API_DESKTOP UNITY_LIGHT_PROBE_PROXY_VOLUME UNITY_LIGHTMAP_FULL_HDR ok=1
Cmd: compileSnippet
  api=4 type=0 insize=26054 outsize=1890 kw= pd=UNITY_ENABLE_REFLECTION_BUFFERS UNITY_USE_DITHER_MASK_FOR_ALPHABLENDED_SHADOWS UNITY_PBS_USE_BRDF1 UNITY_SPECCUBE_BOX_PROJECTION UNITY_SPECCUBE_BLENDING UNITY_ENABLE_DETAIL_NORMALMAP SHADER_API_DESKTOP UNITY_LIGHT_PROBE_PROXY_VOLUME UNITY_LIGHTMAP_FULL_HDR ok=1
Cmd: compileSnippet
  api=4 type=1 insize=26054 outsize=346 kw= pd=UNITY_ENABLE_REFLECTION_BUFFERS UNITY_USE_DITHER_MASK_FOR_ALPHABLENDED_SHADOWS UNITY_PBS_USE_BRDF1 UNITY_SPECCUBE_BOX_PROJECTION UNITY_SPECCUBE_BLENDING UNITY_ENABLE_DETAIL_NORMALMAP SHADER_API_DESKTOP UNITY_LIGHT_PROBE_PROXY_VOLUME UNITY_LIGHTMAP_FULL_HDR ok=1
Cmd: compileSnippet
  api=4 type=0 insize=33408 outsize=1702 kw=DECALS_OFF pd=UNITY_ENABLE_REFLECTION_BUFFERS UNITY_USE_DITHER_MASK_FOR_ALPHABLENDED_SHADOWS UNITY_PBS_USE_BRDF1 UNITY_SPECCUBE_BOX_PROJECTION UNITY_SPECCUBE_BLENDING UNITY_ENABLE_DETAIL_NORMALMAP SHADER_API_DESKTOP UNITY_LIGHT_PROBE_PROXY_VOLUME UNITY_LIGHTMAP_FULL_HDR ok=1
Cmd: compileSnippet
  api=4 type=1 insize=33408 outsize=5662 kw=DECALS_OFF pd=UNITY_ENABLE_REFLECTION_BUFFERS UNITY_USE_DITHER_MASK_FOR_ALPHABLENDED_SHADOWS UNITY_PBS_USE_BRDF1 UNITY_SPECCUBE_BOX_PROJECTION UNITY_SPECCUBE_BLENDING UNITY_ENABLE_DETAIL_NORMALMAP SHADER_API_DESKTOP UNITY_LIGHT_PROBE_PROXY_VOLUME UNITY_LIGHTMAP_FULL_HDR ok=1
Cmd: compileSnippet
  api=4 type=0 insize=26062 outsize=2838 kw=UNITY_PASS_MOTIONVECTORS pd=UNITY_ENABLE_REFLECTION_BUFFERS UNITY_USE_DITHER_MASK_FOR_ALPHABLENDED_SHADOWS UNITY_PBS_USE_BRDF1 UNITY_SPECCUBE_BOX_PROJECTION UNITY_SPECCUBE_BLENDING UNITY_ENABLE_DETAIL_NORMALMAP SHADER_API_DESKTOP UNITY_LIGHT_PROBE_PROXY_VOLUME UNITY_LIGHTMAP_FULL_HDR ok=1
Cmd: compileSnippet
  api=4 type=1 insize=26062 outsize=730 kw=UNITY_PASS_MOTIONVECTORS pd=UNITY_ENABLE_REFLECTION_BUFFERS UNITY_USE_DITHER_MASK_FOR_ALPHABLENDED_SHADOWS UNITY_PBS_USE_BRDF1 UNITY_SPECCUBE_BOX_PROJECTION UNITY_SPECCUBE_BLENDING UNITY_ENABLE_DETAIL_NORMALMAP SHADER_API_DESKTOP UNITY_LIGHT_PROBE_PROXY_VOLUME UNITY_LIGHTMAP_FULL_HDR ok=1
Cmd: compileSnippet
  api=4 type=0 insize=33529 outsize=1702 kw=SHADOW_LOW USE_FPTL_LIGHTLIST DECALS_OFF pd=UNITY_ENABLE_REFLECTION_BUFFERS UNITY_USE_DITHER_MASK_FOR_ALPHABLENDED_SHADOWS UNITY_PBS_USE_BRDF1 UNITY_SPECCUBE_BOX_PROJECTION UNITY_SPECCUBE_BLENDING UNITY_ENABLE_DETAIL_NORMALMAP SHADER_API_DESKTOP UNITY_LIGHT_PROBE_PROXY_VOLUME UNITY_LIGHTMAP_FULL_HDR ok=1
Cmd: compileSnippet
  api=4 type=1 insize=33529 outsize=72062 kw=SHADOW_LOW USE_FPTL_LIGHTLIST DECALS_OFF pd=UNITY_ENABLE_REFLECTION_BUFFERS UNITY_USE_DITHER_MASK_FOR_ALPHABLENDED_SHADOWS UNITY_PBS_USE_BRDF1 UNITY_SPECCUBE_BOX_PROJECTION UNITY_SPECCUBE_BLENDING UNITY_ENABLE_DETAIL_NORMALMAP SHADER_API_DESKTOP UNITY_LIGHT_PROBE_PROXY_VOLUME UNITY_LIGHTMAP_FULL_HDR ok=1
Cmd: preprocess
  insize=100673 outsize=4559 ok=1
Cmd: preprocess
  insize=5110 outsize=1102 ok=1
Cmd: preprocess
  insize=5110 outsize=1102 ok=1
Cmd: preprocess
  insize=5244 outsize=1104 ok=1
Cmd: preprocess
  insize=5244 outsize=1105 ok=1
Cmd: preprocess
  insize=5110 outsize=1102 ok=1
Cmd: preprocess
  insize=5110 outsize=1102 ok=1
Cmd: preprocess
  insize=5549 outsize=1092 ok=1
Cmd: preprocess
  insize=5167 outsize=1091 ok=1
Cmd: preprocess
  insize=5167 outsize=1090 ok=1
Cmd: preprocess
  insize=5165 outsize=1091 ok=1
Cmd: preprocess
  insize=5110 outsize=1102 ok=1
Cmd: preprocess
  insize=5167 outsize=1090 ok=1
Cmd: preprocess
  insize=5547 outsize=1092 ok=1
Cmd: preprocess
  insize=6311 outsize=1092 ok=1
Cmd: preprocess
  insize=7391 outsize=1094 ok=1
Cmd: preprocess
  insize=5118 outsize=1097 ok=1
Cmd: preprocess
  insize=7576 outsize=1092 ok=1
Cmd: preprocess
  insize=5282 outsize=1091 ok=1
Cmd: preprocess
  insize=8260 outsize=1091 ok=1
Cmd: preprocess
  insize=100673 outsize=4559 ok=1
Cmd: preprocess
  insize=5110 outsize=1102 ok=1
Cmd: preprocess
  insize=5110 outsize=1102 ok=1
Cmd: preprocess
  insize=5244 outsize=1104 ok=1
Cmd: preprocess
  insize=5244 outsize=1105 ok=1
Cmd: preprocess
  insize=5110 outsize=1102 ok=1
Cmd: preprocess
  insize=5110 outsize=1102 ok=1
Cmd: preprocess
  insize=5549 outsize=1092 ok=1
Cmd: preprocess
  insize=5167 outsize=1091 ok=1
Cmd: preprocess
  insize=5167 outsize=1090 ok=1
Cmd: preprocess
  insize=5165 outsize=1091 ok=1
Cmd: preprocess
  insize=5110 outsize=1102 ok=1
Cmd: preprocess
  insize=5167 outsize=1090 ok=1
Cmd: preprocess
  insize=5547 outsize=1092 ok=1
Cmd: preprocess
  insize=6311 outsize=1092 ok=1
Cmd: preprocess
  insize=7391 outsize=1094 ok=1
Cmd: preprocess
  insize=5118 outsize=1097 ok=1
Cmd: preprocess
  insize=7576 outsize=1092 ok=1
Cmd: preprocess
  insize=5282 outsize=1091 ok=1
Cmd: preprocess
  insize=8260 outsize=1091 ok=1
Cmd: preprocess
  insize=771 outsize=196 ok=1
Cmd: preprocess
  insize=771 outsize=196 ok=1
Cmd: preprocess
  insize=771 outsize=196 ok=1
Cmd: preprocess
  insize=771 outsize=196 ok=1
Cmd: preprocess
  insize=771 outsize=196 ok=1
Cmd: preprocess
  insize=771 outsize=196 ok=1
Cmd: preprocess
  insize=771 outsize=196 ok=1
Cmd: preprocess
  insize=771 outsize=196 ok=1
Cmd: preprocess
  insize=771 outsize=196 ok=1
Cmd: preprocess
  insize=771 outsize=196 ok=1
Cmd: preprocess
  insize=771 outsize=196 ok=1
Cmd: preprocess
  insize=771 outsize=196 ok=1
Cmd: preprocess
  insize=771 outsize=196 ok=1
Cmd: preprocess
  insize=771 outsize=196 ok=1
Cmd: preprocess
  insize=771 outsize=196 ok=1
Cmd: preprocess
  insize=771 outsize=196 ok=1
Cmd: preprocess
  insize=771 outsize=196 ok=1
Cmd: preprocess
  insize=771 outsize=196 ok=1
Cmd: preprocess
  insize=771 outsize=196 ok=1
Cmd: preprocess
  insize=771 outsize=196 ok=1
Cmd: preprocess
  insize=771 outsize=196 ok=1
Cmd: preprocess
  insize=771 outsize=196 ok=1
Cmd: preprocess
  insize=771 outsize=196 ok=1
Cmd: preprocess
  insize=771 outsize=196 ok=1
Cmd: preprocess
  insize=771 outsize=196 ok=1
Cmd: preprocess
  insize=771 outsize=196 ok=1
Cmd: preprocess
  insize=771 outsize=196 ok=1
Cmd: preprocess
  insize=771 outsize=196 ok=1
Cmd: preprocess
  insize=771 outsize=196 ok=1
Cmd: preprocess
  insize=771 outsize=196 ok=1
Cmd: preprocess
  insize=771 outsize=196 ok=1
Cmd: preprocess
  insize=771 outsize=196 ok=1
Cmd: preprocess
  insize=771 outsize=196 ok=1
Cmd: preprocess
  insize=771 outsize=196 ok=1
Cmd: preprocess
  insize=100673 outsize=4559 ok=1
Cmd: preprocess
  insize=5110 outsize=1102 ok=1
Cmd: preprocess
  insize=5110 outsize=1102 ok=1
Cmd: preprocess
  insize=5244 outsize=1104 ok=1
Cmd: preprocess
  insize=5244 outsize=1105 ok=1
Cmd: preprocess
  insize=5110 outsize=1102 ok=1
Cmd: preprocess
  insize=5110 outsize=1102 ok=1
Cmd: preprocess
  insize=5549 outsize=1092 ok=1
Cmd: preprocess
  insize=5167 outsize=1091 ok=1
Cmd: preprocess
  insize=5167 outsize=1090 ok=1
Cmd: preprocess
  insize=5165 outsize=1091 ok=1
Cmd: preprocess
  insize=5110 outsize=1102 ok=1
Cmd: preprocess
  insize=5167 outsize=1090 ok=1
Cmd: preprocess
  insize=5547 outsize=1092 ok=1
Cmd: preprocess
  insize=6311 outsize=1092 ok=1
Cmd: preprocess
  insize=7391 outsize=1094 ok=1
Cmd: preprocess
  insize=5118 outsize=1097 ok=1
Cmd: preprocess
  insize=7576 outsize=1092 ok=1
Cmd: preprocess
  insize=5282 outsize=1091 ok=1
Cmd: preprocess
  insize=8260 outsize=1091 ok=1
Cmd: preprocess
  insize=771 outsize=196 ok=1
Cmd: preprocess
  insize=771 outsize=196 ok=1
Cmd: preprocess
  insize=771 outsize=196 ok=1
Cmd: preprocess
  insize=771 outsize=196 ok=1
Cmd: preprocess
  insize=771 outsize=196 ok=1
Cmd: preprocess
  insize=771 outsize=196 ok=1
Cmd: preprocess
  insize=771 outsize=196 ok=1
Cmd: preprocess
  insize=771 outsize=196 ok=1
Cmd: preprocess
  insize=771 outsize=196 ok=1
Cmd: preprocess
  insize=771 outsize=196 ok=1
Cmd: preprocess
  insize=771 outsize=196 ok=1
Cmd: preprocess
  insize=771 outsize=196 ok=1
Cmd: preprocess
  insize=771 outsize=196 ok=1
Cmd: preprocess
  insize=771 outsize=196 ok=1
Cmd: preprocess
  insize=771 outsize=196 ok=1
Cmd: preprocess
  insize=771 outsize=196 ok=1
Cmd: preprocess
  insize=771 outsize=196 ok=1
Cmd: preprocess
  insize=771 outsize=196 ok=1
Cmd: preprocess
  insize=771 outsize=196 ok=1
Cmd: preprocess
  insize=771 outsize=196 ok=1
Cmd: preprocess
  insize=771 outsize=196 ok=1
Cmd: preprocess
  insize=771 outsize=196 ok=1
Cmd: preprocess
  insize=771 outsize=196 ok=1
Cmd: preprocess
  insize=771 outsize=196 ok=1
Cmd: preprocess
  insize=771 outsize=196 ok=1
Cmd: preprocess
  insize=771 outsize=196 ok=1
Cmd: preprocess
  insize=771 outsize=196 ok=1
Cmd: preprocess
  insize=771 outsize=196 ok=1
Cmd: preprocess
  insize=771 outsize=196 ok=1
Cmd: preprocess
  insize=771 outsize=196 ok=1
Cmd: preprocess
  insize=771 outsize=196 ok=1
Cmd: preprocess
  insize=771 outsize=196 ok=1
Cmd: preprocess
  insize=771 outsize=196 ok=1
Cmd: preprocess
  insize=771 outsize=196 ok=1
Cmd: preprocess
  insize=100673 outsize=4559 ok=1
Cmd: preprocess
  insize=5110 outsize=1102 ok=1
Cmd: preprocess
  insize=5110 outsize=1102 ok=1
Cmd: preprocess
  insize=5244 outsize=1104 ok=1
Cmd: preprocess
  insize=5244 outsize=1105 ok=1
Cmd: preprocess
  insize=5110 outsize=1102 ok=1
Cmd: preprocess
  insize=5110 outsize=1102 ok=1
Cmd: preprocess
  insize=5549 outsize=1092 ok=1
Cmd: preprocess
  insize=5167 outsize=1091 ok=1
Cmd: preprocess
  insize=5167 outsize=1090 ok=1
Cmd: preprocess
  insize=5165 outsize=1091 ok=1
Cmd: preprocess
  insize=5110 outsize=1102 ok=1
Cmd: preprocess
  insize=5167 outsize=1090 ok=1
Cmd: preprocess
  insize=5547 outsize=1092 ok=1
Cmd: preprocess
  insize=6311 outsize=1092 ok=1
Cmd: preprocess
  insize=7391 outsize=1094 ok=1
Cmd: preprocess
  insize=5118 outsize=1097 ok=1
Cmd: preprocess
  insize=7576 outsize=1092 ok=1
Cmd: preprocess
  insize=5282 outsize=1091 ok=1
Cmd: preprocess
  insize=8260 outsize=1091 ok=1
