
=== Sat Oct  5 16:18:33 2019

Packages were changed.
Update Mode: mergeDefaultDependencies

The following packages were added:
  com.unity.ext.nunit@1.0.0
  com.unity.ide.rider@1.1.0
  com.unity.ide.vscode@1.1.2
  com.unity.modules.androidjni@1.0.0
  com.unity.test-framework@1.1.3
  com.unity.ugui@1.0.0
  com.unity.xr.management@3.0.3
The following packages were updated:
  com.unity.timeline from version 1.1.0 to 1.2.2

=== Sat Oct  5 20:42:49 2019

Packages were changed.
Update Mode: updateDependencies

The following packages were updated:
  com.unity.ide.vscode from version 1.0.7 to 1.1.2
  com.unity.test-framework from version 1.0.18 to 1.1.3
  com.unity.timeline from version 1.1.0 to 1.2.2
