
=== Sun Apr 21 10:26:03 2019

Packages were changed.
Update Mode: updateDependencies

The following packages were added:
  com.unity.timeline@1.0.0
  com.unity.multiplayer-hlapi@1.0.2
  com.unity.xr.legacyinputhelpers@2.0.2
The following packages were updated:
  com.unity.analytics from version 3.2.2 to 3.3.2
  com.unity.collab-proxy from version 1.2.15 to 1.2.16
  com.unity.package-manager-ui from version 2.0.7 to 2.1.2
  com.unity.purchasing from version 2.0.3 to 2.0.6
  com.unity.render-pipelines.high-definition from version 4.10.0-preview to 5.7.2-preview
  com.unity.textmeshpro from version 1.3.0 to 2.0.0

=== Sun Jun 23 12:51:03 2019

Packages were changed.
Update Mode: updateDependencies

The following packages were updated:
  com.unity.textmeshpro from version 2.0.0 to 2.0.1
  com.unity.xr.legacyinputhelpers from version 1.0.0 to 2.0.2

=== Sun Jun 23 22:01:54 2019

Packages were changed.
Update Mode: updateDependencies

The following packages were added:
  com.unity.2d.tilemap@1.0.0
  com.unity.ext.nunit@1.0.0
  com.unity.test-framework@1.0.13
  com.unity.2d.sprite@1.0.0
  com.unity.ide.vscode@1.0.7
  com.unity.ide.visualstudio@1.0.11
  com.unity.ide.rider@1.0.8
  com.unity.ugui@1.0.0
  com.unity.modules.androidjni@1.0.0
The following packages were updated:
  com.unity.render-pipelines.high-definition from version 5.13.0-preview to 6.5.2-preview
  com.unity.shadergraph from version 5.13.0 to 6.5.2
  com.unity.timeline from version 1.0.0 to 1.1.0
The following packages were removed:
  com.unity.package-manager-ui@2.1.2
